<?xml version="1.0" encoding="UTF-8"?>
<testsuite xmlns:xsi="http://www.w3.org/2001/XMLSchema-instance" xsi:noNamespaceSchemaLocation="https://maven.apache.org/surefire/maven-surefire-plugin/xsd/surefire-test-report.xsd" name="org.springframework.samples.petclinic.web.VisitControllerTests" time="0.064" tests="4" errors="0" skipped="0" failures="0">
  <properties>
    <property name="sun.desktop" value="windows"/>
    <property name="awt.toolkit" value="sun.awt.windows.WToolkit"/>
    <property name="file.encoding.pkg" value="sun.io"/>
    <property name="java.specification.version" value="1.8"/>
    <property name="sun.cpu.isalist" value="amd64"/>
    <property name="sun.jnu.encoding" value="Cp1252"/>
    <property name="java.class.path" value="D:\DATOS\Universidad\2018-19\PSG2\Repositorio\target\test-classes;D:\DATOS\Universidad\2018-19\PSG2\Repositorio\target\classes;C:\Users\Zodiac\.m2\repository\org\apache\tomcat\tomcat-servlet-api\9.0.12\tomcat-servlet-api-9.0.12.jar;C:\Users\Zodiac\.m2\repository\org\apache\tomcat\tomcat-jasper-el\9.0.12\tomcat-jasper-el-9.0.12.jar;C:\Users\Zodiac\.m2\repository\org\apache\tomcat\tomcat-el-api\9.0.12\tomcat-el-api-9.0.12.jar;C:\Users\Zodiac\.m2\repository\javax\servlet\jsp\jstl\javax.servlet.jsp.jstl-api\1.2.2\javax.servlet.jsp.jstl-api-1.2.2.jar;C:\Users\Zodiac\.m2\repository\org\apache\taglibs\taglibs-standard-jstlel\1.2.5\taglibs-standard-jstlel-1.2.5.jar;C:\Users\Zodiac\.m2\repository\org\apache\taglibs\taglibs-standard-spec\1.2.5\taglibs-standard-spec-1.2.5.jar;C:\Users\Zodiac\.m2\repository\org\apache\taglibs\taglibs-standard-impl\1.2.5\taglibs-standard-impl-1.2.5.jar;C:\Users\Zodiac\.m2\repository\com\fasterxml\jackson\core\jackson-core\2.9.7\jackson-core-2.9.7.jar;C:\Users\Zodiac\.m2\repository\com\fasterxml\jackson\core\jackson-databind\2.9.7\jackson-databind-2.9.7.jar;C:\Users\Zodiac\.m2\repository\com\fasterxml\jackson\core\jackson-annotations\2.9.0\jackson-annotations-2.9.0.jar;C:\Users\Zodiac\.m2\repository\com\jayway\jsonpath\json-path\2.4.0\json-path-2.4.0.jar;C:\Users\Zodiac\.m2\repository\net\minidev\json-smart\2.3\json-smart-2.3.jar;C:\Users\Zodiac\.m2\repository\net\minidev\accessors-smart\1.2\accessors-smart-1.2.jar;C:\Users\Zodiac\.m2\repository\org\ow2\asm\asm\5.0.4\asm-5.0.4.jar;C:\Users\Zodiac\.m2\repository\org\springframework\data\spring-data-jpa\2.1.3.RELEASE\spring-data-jpa-2.1.3.RELEASE.jar;C:\Users\Zodiac\.m2\repository\org\springframework\data\spring-data-commons\2.1.3.RELEASE\spring-data-commons-2.1.3.RELEASE.jar;C:\Users\Zodiac\.m2\repository\org\springframework\spring-orm\5.1.3.RELEASE\spring-orm-5.1.3.RELEASE.jar;C:\Users\Zodiac\.m2\repository\org\springframework\spring-context\5.1.3.RELEASE\spring-context-5.1.3.RELEASE.jar;C:\Users\Zodiac\.m2\repository\org\springframework\spring-aop\5.1.3.RELEASE\spring-aop-5.1.3.RELEASE.jar;C:\Users\Zodiac\.m2\repository\org\springframework\spring-tx\5.1.3.RELEASE\spring-tx-5.1.3.RELEASE.jar;C:\Users\Zodiac\.m2\repository\org\springframework\spring-beans\5.1.3.RELEASE\spring-beans-5.1.3.RELEASE.jar;C:\Users\Zodiac\.m2\repository\org\springframework\spring-core\5.1.3.RELEASE\spring-core-5.1.3.RELEASE.jar;C:\Users\Zodiac\.m2\repository\org\springframework\spring-jcl\5.1.3.RELEASE\spring-jcl-5.1.3.RELEASE.jar;C:\Users\Zodiac\.m2\repository\org\springframework\data\spring-data-jdbc-core\2.0.0.M1\spring-data-jdbc-core-2.0.0.M1.jar;C:\Users\Zodiac\.m2\repository\org\springframework\retry\spring-retry\1.1.2.RELEASE\spring-retry-1.1.2.RELEASE.jar;C:\Users\Zodiac\.m2\repository\org\springframework\spring-jdbc\5.1.3.RELEASE\spring-jdbc-5.1.3.RELEASE.jar;C:\Users\Zodiac\.m2\repository\org\springframework\spring-webmvc\5.1.3.RELEASE\spring-webmvc-5.1.3.RELEASE.jar;C:\Users\Zodiac\.m2\repository\org\springframework\spring-expression\5.1.3.RELEASE\spring-expression-5.1.3.RELEASE.jar;C:\Users\Zodiac\.m2\repository\org\springframework\spring-web\5.1.3.RELEASE\spring-web-5.1.3.RELEASE.jar;C:\Users\Zodiac\.m2\repository\org\springframework\spring-context-support\5.1.3.RELEASE\spring-context-support-5.1.3.RELEASE.jar;C:\Users\Zodiac\.m2\repository\org\springframework\spring-oxm\5.1.3.RELEASE\spring-oxm-5.1.3.RELEASE.jar;C:\Users\Zodiac\.m2\repository\org\aspectj\aspectjrt\1.9.1\aspectjrt-1.9.1.jar;C:\Users\Zodiac\.m2\repository\org\aspectj\aspectjweaver\1.9.1\aspectjweaver-1.9.1.jar;C:\Users\Zodiac\.m2\repository\org\apache\tomcat\tomcat-jdbc\9.0.12\tomcat-jdbc-9.0.12.jar;C:\Users\Zodiac\.m2\repository\org\apache\tomcat\tomcat-juli\9.0.12\tomcat-juli-9.0.12.jar;C:\Users\Zodiac\.m2\repository\org\slf4j\slf4j-api\1.7.25\slf4j-api-1.7.25.jar;C:\Users\Zodiac\.m2\repository\ch\qos\logback\logback-classic\1.2.3\logback-classic-1.2.3.jar;C:\Users\Zodiac\.m2\repository\ch\qos\logback\logback-core\1.2.3\logback-core-1.2.3.jar;C:\Users\Zodiac\.m2\repository\org\hibernate\hibernate-entitymanager\5.3.6.Final\hibernate-entitymanager-5.3.6.Final.jar;C:\Users\Zodiac\.m2\repository\org\jboss\logging\jboss-logging\3.3.2.Final\jboss-logging-3.3.2.Final.jar;C:\Users\Zodiac\.m2\repository\org\hibernate\hibernate-core\5.3.6.Final\hibernate-core-5.3.6.Final.jar;C:\Users\Zodiac\.m2\repository\org\javassist\javassist\3.23.1-GA\javassist-3.23.1-GA.jar;C:\Users\Zodiac\.m2\repository\antlr\antlr\2.7.7\antlr-2.7.7.jar;C:\Users\Zodiac\.m2\repository\org\jboss\jandex\2.0.5.Final\jandex-2.0.5.Final.jar;C:\Users\Zodiac\.m2\repository\javax\activation\javax.activation-api\1.2.0\javax.activation-api-1.2.0.jar;C:\Users\Zodiac\.m2\repository\dom4j\dom4j\1.6.1\dom4j-1.6.1.jar;C:\Users\Zodiac\.m2\repository\org\hibernate\common\hibernate-commons-annotations\5.0.4.Final\hibernate-commons-annotations-5.0.4.Final.jar;C:\Users\Zodiac\.m2\repository\javax\persistence\javax.persistence-api\2.2\javax.persistence-api-2.2.jar;C:\Users\Zodiac\.m2\repository\net\bytebuddy\byte-buddy\1.8.17\byte-buddy-1.8.17.jar;C:\Users\Zodiac\.m2\repository\org\jboss\spec\javax\transaction\jboss-transaction-api_1.2_spec\1.1.1.Final\jboss-transaction-api_1.2_spec-1.1.1.Final.jar;C:\Users\Zodiac\.m2\repository\org\hibernate\validator\hibernate-validator\6.0.13.Final\hibernate-validator-6.0.13.Final.jar;C:\Users\Zodiac\.m2\repository\javax\validation\validation-api\2.0.1.Final\validation-api-2.0.1.Final.jar;C:\Users\Zodiac\.m2\repository\com\fasterxml\classmate\1.3.4\classmate-1.3.4.jar;C:\Users\Zodiac\.m2\repository\org\hibernate\hibernate-ehcache\5.3.6.Final\hibernate-ehcache-5.3.6.Final.jar;C:\Users\Zodiac\.m2\repository\net\sf\ehcache\ehcache\2.10.3\ehcache-2.10.3.jar;C:\Users\Zodiac\.m2\repository\org\webjars\jquery\2.2.4\jquery-2.2.4.jar;C:\Users\Zodiac\.m2\repository\org\webjars\jquery-ui\1.11.4\jquery-ui-1.11.4.jar;C:\Users\Zodiac\.m2\repository\org\webjars\bootstrap\3.3.6\bootstrap-3.3.6.jar;C:\Users\Zodiac\.m2\repository\org\springframework\spring-test\5.1.3.RELEASE\spring-test-5.1.3.RELEASE.jar;C:\Users\Zodiac\.m2\repository\org\junit\jupiter\junit-jupiter-engine\5.3.1\junit-jupiter-engine-5.3.1.jar;C:\Users\Zodiac\.m2\repository\org\apiguardian\apiguardian-api\1.0.0\apiguardian-api-1.0.0.jar;C:\Users\Zodiac\.m2\repository\org\junit\platform\junit-platform-engine\1.3.1\junit-platform-engine-1.3.1.jar;C:\Users\Zodiac\.m2\repository\org\junit\platform\junit-platform-commons\1.3.1\junit-platform-commons-1.3.1.jar;C:\Users\Zodiac\.m2\repository\org\opentest4j\opentest4j\1.1.1\opentest4j-1.1.1.jar;C:\Users\Zodiac\.m2\repository\org\junit\jupiter\junit-jupiter-api\5.3.1\junit-jupiter-api-5.3.1.jar;C:\Users\Zodiac\.m2\repository\org\assertj\assertj-core\2.2.0\assertj-core-2.2.0.jar;C:\Users\Zodiac\.m2\repository\org\mockito\mockito-core\2.22.0\mockito-core-2.22.0.jar;C:\Users\Zodiac\.m2\repository\net\bytebuddy\byte-buddy-agent\1.8.21\byte-buddy-agent-1.8.21.jar;C:\Users\Zodiac\.m2\repository\org\objenesis\objenesis\2.6\objenesis-2.6.jar;C:\Users\Zodiac\.m2\repository\org\mockito\mockito-junit-jupiter\2.22.0\mockito-junit-jupiter-2.22.0.jar;C:\Users\Zodiac\.m2\repository\org\hamcrest\hamcrest-all\1.3\hamcrest-all-1.3.jar;C:\Users\Zodiac\.m2\repository\org\hsqldb\hsqldb\2.4.1\hsqldb-2.4.1.jar;"/>
    <property name="java.vm.vendor" value="Oracle Corporation"/>
    <property name="sun.arch.data.model" value="64"/>
    <property name="user.variant" value=""/>
    <property name="java.vendor.url" value="http://java.oracle.com/"/>
    <property name="user.timezone" value="Europe/Paris"/>
    <property name="java.vm.specification.version" value="1.8"/>
    <property name="os.name" value="Windows 10"/>
    <property name="user.country" value="ES"/>
    <property name="sun.java.launcher" value="SUN_STANDARD"/>
    <property name="sun.boot.library.path" value="C:\Program Files\Java\jdk1.8.0_201\jre\bin"/>
    <property name="sun.java.command" value="C:\Users\Zodiac\AppData\Local\Temp\surefire3011383555407184990\surefirebooter3084502507491287272.jar C:\Users\Zodiac\AppData\Local\Temp\surefire3011383555407184990 2019-03-14T20-12-42_981-jvmRun1 surefire8273885656023105460tmp surefire_05330658772893994360tmp"/>
    <property name="surefire.test.class.path" value="D:\DATOS\Universidad\2018-19\PSG2\Repositorio\target\test-classes;D:\DATOS\Universidad\2018-19\PSG2\Repositorio\target\classes;C:\Users\Zodiac\.m2\repository\org\apache\tomcat\tomcat-servlet-api\9.0.12\tomcat-servlet-api-9.0.12.jar;C:\Users\Zodiac\.m2\repository\org\apache\tomcat\tomcat-jasper-el\9.0.12\tomcat-jasper-el-9.0.12.jar;C:\Users\Zodiac\.m2\repository\org\apache\tomcat\tomcat-el-api\9.0.12\tomcat-el-api-9.0.12.jar;C:\Users\Zodiac\.m2\repository\javax\servlet\jsp\jstl\javax.servlet.jsp.jstl-api\1.2.2\javax.servlet.jsp.jstl-api-1.2.2.jar;C:\Users\Zodiac\.m2\repository\org\apache\taglibs\taglibs-standard-jstlel\1.2.5\taglibs-standard-jstlel-1.2.5.jar;C:\Users\Zodiac\.m2\repository\org\apache\taglibs\taglibs-standard-spec\1.2.5\taglibs-standard-spec-1.2.5.jar;C:\Users\Zodiac\.m2\repository\org\apache\taglibs\taglibs-standard-impl\1.2.5\taglibs-standard-impl-1.2.5.jar;C:\Users\Zodiac\.m2\repository\com\fasterxml\jackson\core\jackson-core\2.9.7\jackson-core-2.9.7.jar;C:\Users\Zodiac\.m2\repository\com\fasterxml\jackson\core\jackson-databind\2.9.7\jackson-databind-2.9.7.jar;C:\Users\Zodiac\.m2\repository\com\fasterxml\jackson\core\jackson-annotations\2.9.0\jackson-annotations-2.9.0.jar;C:\Users\Zodiac\.m2\repository\com\jayway\jsonpath\json-path\2.4.0\json-path-2.4.0.jar;C:\Users\Zodiac\.m2\repository\net\minidev\json-smart\2.3\json-smart-2.3.jar;C:\Users\Zodiac\.m2\repository\net\minidev\accessors-smart\1.2\accessors-smart-1.2.jar;C:\Users\Zodiac\.m2\repository\org\ow2\asm\asm\5.0.4\asm-5.0.4.jar;C:\Users\Zodiac\.m2\repository\org\springframework\data\spring-data-jpa\2.1.3.RELEASE\spring-data-jpa-2.1.3.RELEASE.jar;C:\Users\Zodiac\.m2\repository\org\springframework\data\spring-data-commons\2.1.3.RELEASE\spring-data-commons-2.1.3.RELEASE.jar;C:\Users\Zodiac\.m2\repository\org\springframework\spring-orm\5.1.3.RELEASE\spring-orm-5.1.3.RELEASE.jar;C:\Users\Zodiac\.m2\repository\org\springframework\spring-context\5.1.3.RELEASE\spring-context-5.1.3.RELEASE.jar;C:\Users\Zodiac\.m2\repository\org\springframework\spring-aop\5.1.3.RELEASE\spring-aop-5.1.3.RELEASE.jar;C:\Users\Zodiac\.m2\repository\org\springframework\spring-tx\5.1.3.RELEASE\spring-tx-5.1.3.RELEASE.jar;C:\Users\Zodiac\.m2\repository\org\springframework\spring-beans\5.1.3.RELEASE\spring-beans-5.1.3.RELEASE.jar;C:\Users\Zodiac\.m2\repository\org\springframework\spring-core\5.1.3.RELEASE\spring-core-5.1.3.RELEASE.jar;C:\Users\Zodiac\.m2\repository\org\springframework\spring-jcl\5.1.3.RELEASE\spring-jcl-5.1.3.RELEASE.jar;C:\Users\Zodiac\.m2\repository\org\springframework\data\spring-data-jdbc-core\2.0.0.M1\spring-data-jdbc-core-2.0.0.M1.jar;C:\Users\Zodiac\.m2\repository\org\springframework\retry\spring-retry\1.1.2.RELEASE\spring-retry-1.1.2.RELEASE.jar;C:\Users\Zodiac\.m2\repository\org\springframework\spring-jdbc\5.1.3.RELEASE\spring-jdbc-5.1.3.RELEASE.jar;C:\Users\Zodiac\.m2\repository\org\springframework\spring-webmvc\5.1.3.RELEASE\spring-webmvc-5.1.3.RELEASE.jar;C:\Users\Zodiac\.m2\repository\org\springframework\spring-expression\5.1.3.RELEASE\spring-expression-5.1.3.RELEASE.jar;C:\Users\Zodiac\.m2\repository\org\springframework\spring-web\5.1.3.RELEASE\spring-web-5.1.3.RELEASE.jar;C:\Users\Zodiac\.m2\repository\org\springframework\spring-context-support\5.1.3.RELEASE\spring-context-support-5.1.3.RELEASE.jar;C:\Users\Zodiac\.m2\repository\org\springframework\spring-oxm\5.1.3.RELEASE\spring-oxm-5.1.3.RELEASE.jar;C:\Users\Zodiac\.m2\repository\org\aspectj\aspectjrt\1.9.1\aspectjrt-1.9.1.jar;C:\Users\Zodiac\.m2\repository\org\aspectj\aspectjweaver\1.9.1\aspectjweaver-1.9.1.jar;C:\Users\Zodiac\.m2\repository\org\apache\tomcat\tomcat-jdbc\9.0.12\tomcat-jdbc-9.0.12.jar;C:\Users\Zodiac\.m2\repository\org\apache\tomcat\tomcat-juli\9.0.12\tomcat-juli-9.0.12.jar;C:\Users\Zodiac\.m2\repository\org\slf4j\slf4j-api\1.7.25\slf4j-api-1.7.25.jar;C:\Users\Zodiac\.m2\repository\ch\qos\logback\logback-classic\1.2.3\logback-classic-1.2.3.jar;C:\Users\Zodiac\.m2\repository\ch\qos\logback\logback-core\1.2.3\logback-core-1.2.3.jar;C:\Users\Zodiac\.m2\repository\org\hibernate\hibernate-entitymanager\5.3.6.Final\hibernate-entitymanager-5.3.6.Final.jar;C:\Users\Zodiac\.m2\repository\org\jboss\logging\jboss-logging\3.3.2.Final\jboss-logging-3.3.2.Final.jar;C:\Users\Zodiac\.m2\repository\org\hibernate\hibernate-core\5.3.6.Final\hibernate-core-5.3.6.Final.jar;C:\Users\Zodiac\.m2\repository\org\javassist\javassist\3.23.1-GA\javassist-3.23.1-GA.jar;C:\Users\Zodiac\.m2\repository\antlr\antlr\2.7.7\antlr-2.7.7.jar;C:\Users\Zodiac\.m2\repository\org\jboss\jandex\2.0.5.Final\jandex-2.0.5.Final.jar;C:\Users\Zodiac\.m2\repository\javax\activation\javax.activation-api\1.2.0\javax.activation-api-1.2.0.jar;C:\Users\Zodiac\.m2\repository\dom4j\dom4j\1.6.1\dom4j-1.6.1.jar;C:\Users\Zodiac\.m2\repository\org\hibernate\common\hibernate-commons-annotations\5.0.4.Final\hibernate-commons-annotations-5.0.4.Final.jar;C:\Users\Zodiac\.m2\repository\javax\persistence\javax.persistence-api\2.2\javax.persistence-api-2.2.jar;C:\Users\Zodiac\.m2\repository\net\bytebuddy\byte-buddy\1.8.17\byte-buddy-1.8.17.jar;C:\Users\Zodiac\.m2\repository\org\jboss\spec\javax\transaction\jboss-transaction-api_1.2_spec\1.1.1.Final\jboss-transaction-api_1.2_spec-1.1.1.Final.jar;C:\Users\Zodiac\.m2\repository\org\hibernate\validator\hibernate-validator\6.0.13.Final\hibernate-validator-6.0.13.Final.jar;C:\Users\Zodiac\.m2\repository\javax\validation\validation-api\2.0.1.Final\validation-api-2.0.1.Final.jar;C:\Users\Zodiac\.m2\repository\com\fasterxml\classmate\1.3.4\classmate-1.3.4.jar;C:\Users\Zodiac\.m2\repository\org\hibernate\hibernate-ehcache\5.3.6.Final\hibernate-ehcache-5.3.6.Final.jar;C:\Users\Zodiac\.m2\repository\net\sf\ehcache\ehcache\2.10.3\ehcache-2.10.3.jar;C:\Users\Zodiac\.m2\repository\org\webjars\jquery\2.2.4\jquery-2.2.4.jar;C:\Users\Zodiac\.m2\repository\org\webjars\jquery-ui\1.11.4\jquery-ui-1.11.4.jar;C:\Users\Zodiac\.m2\repository\org\webjars\bootstrap\3.3.6\bootstrap-3.3.6.jar;C:\Users\Zodiac\.m2\repository\org\springframework\spring-test\5.1.3.RELEASE\spring-test-5.1.3.RELEASE.jar;C:\Users\Zodiac\.m2\repository\org\junit\jupiter\junit-jupiter-engine\5.3.1\junit-jupiter-engine-5.3.1.jar;C:\Users\Zodiac\.m2\repository\org\apiguardian\apiguardian-api\1.0.0\apiguardian-api-1.0.0.jar;C:\Users\Zodiac\.m2\repository\org\junit\platform\junit-platform-engine\1.3.1\junit-platform-engine-1.3.1.jar;C:\Users\Zodiac\.m2\repository\org\junit\platform\junit-platform-commons\1.3.1\junit-platform-commons-1.3.1.jar;C:\Users\Zodiac\.m2\repository\org\opentest4j\opentest4j\1.1.1\opentest4j-1.1.1.jar;C:\Users\Zodiac\.m2\repository\org\junit\jupiter\junit-jupiter-api\5.3.1\junit-jupiter-api-5.3.1.jar;C:\Users\Zodiac\.m2\repository\org\assertj\assertj-core\2.2.0\assertj-core-2.2.0.jar;C:\Users\Zodiac\.m2\repository\org\mockito\mockito-core\2.22.0\mockito-core-2.22.0.jar;C:\Users\Zodiac\.m2\repository\net\bytebuddy\byte-buddy-agent\1.8.21\byte-buddy-agent-1.8.21.jar;C:\Users\Zodiac\.m2\repository\org\objenesis\objenesis\2.6\objenesis-2.6.jar;C:\Users\Zodiac\.m2\repository\org\mockito\mockito-junit-jupiter\2.22.0\mockito-junit-jupiter-2.22.0.jar;C:\Users\Zodiac\.m2\repository\org\hamcrest\hamcrest-all\1.3\hamcrest-all-1.3.jar;C:\Users\Zodiac\.m2\repository\org\hsqldb\hsqldb\2.4.1\hsqldb-2.4.1.jar;"/>
    <property name="sun.cpu.endian" value="little"/>
    <property name="user.home" value="C:\Users\Zodiac"/>
    <property name="user.language" value="es"/>
    <property name="java.specification.vendor" value="Oracle Corporation"/>
    <property name="java.home" value="C:\Program Files\Java\jdk1.8.0_201\jre"/>
    <property name="basedir" value="D:\DATOS\Universidad\2018-19\PSG2\Repositorio"/>
    <property name="file.separator" value="\"/>
    <property name="line.separator" value="&#10;"/>
    <property name="java.vm.specification.vendor" value="Oracle Corporation"/>
    <property name="java.specification.name" value="Java Platform API Specification"/>
    <property name="java.awt.graphicsenv" value="sun.awt.Win32GraphicsEnvironment"/>
    <property name="surefire.real.class.path" value="C:\Users\Zodiac\AppData\Local\Temp\surefire3011383555407184990\surefirebooter3084502507491287272.jar;C:\\Users\\Zodiac\\.m2\\repository\\org\\jacoco\\org.jacoco.agent\\0.8.1\\org.jacoco.agent-0.8.1-runtime.jar"/>
    <property name="sun.boot.class.path" value="C:\Program Files\Java\jdk1.8.0_201\jre\lib\resources.jar;C:\Program Files\Java\jdk1.8.0_201\jre\lib\rt.jar;C:\Program Files\Java\jdk1.8.0_201\jre\lib\sunrsasign.jar;C:\Program Files\Java\jdk1.8.0_201\jre\lib\jsse.jar;C:\Program Files\Java\jdk1.8.0_201\jre\lib\jce.jar;C:\Program Files\Java\jdk1.8.0_201\jre\lib\charsets.jar;C:\Program Files\Java\jdk1.8.0_201\jre\lib\jfr.jar;C:\Program Files\Java\jdk1.8.0_201\jre\classes"/>
    <property name="user.script" value=""/>
    <property name="sun.management.compiler" value="HotSpot 64-Bit Tiered Compilers"/>
    <property name="java.runtime.version" value="1.8.0_201-b09"/>
    <property name="user.name" value="Zodiac"/>
    <property name="path.separator" value=";"/>
    <property name="os.version" value="10.0"/>
    <property name="java.endorsed.dirs" value="C:\Program Files\Java\jdk1.8.0_201\jre\lib\endorsed"/>
    <property name="java.runtime.name" value="Java(TM) SE Runtime Environment"/>
    <property name="file.encoding" value="Cp1252"/>
    <property name="java.vm.name" value="Java HotSpot(TM) 64-Bit Server VM"/>
    <property name="localRepository" value="C:\Users\Zodiac\.m2\repository"/>
    <property name="java.vendor.url.bug" value="http://bugreport.sun.com/bugreport/"/>
    <property name="java.io.tmpdir" value="C:\Users\Zodiac\AppData\Local\Temp\"/>
    <property name="java.version" value="1.8.0_201"/>
    <property name="user.dir" value="D:\DATOS\Universidad\2018-19\PSG2\Repositorio"/>
    <property name="os.arch" value="amd64"/>
    <property name="java.vm.specification.name" value="Java Virtual Machine Specification"/>
    <property name="java.awt.printerjob" value="sun.awt.windows.WPrinterJob"/>
    <property name="sun.os.patch.level" value=""/>
    <property name="java.library.path" value="C:\Program Files\Java\jdk1.8.0_201\jre\bin;C:\WINDOWS\Sun\Java\bin;C:\WINDOWS\system32;C:\WINDOWS;C:\Users\Zodiac\bin;D:\Programas Instalados\Git\mingw64\bin;D:\Programas Instalados\Git\usr\local\bin;D:\Programas Instalados\Git\usr\bin;D:\Programas Instalados\Git\usr\bin;D:\Programas Instalados\Git\mingw64\bin;D:\Programas Instalados\Git\usr\bin;C:\Users\Zodiac\bin;C:\Program Files (x86)\Common Files\Oracle\Java\javapath;C:\ProgramData\Oracle\Java\javapath;C:\Windows\system32;C:\Windows;C:\Windows\System32\Wbem;C:\Windows\System32\WindowsPowerShell\v1.0;C:\Program Files (x86)\NVIDIA Corporation\PhysX\Common;C:\WINDOWS\system32;C:\WINDOWS;C:\WINDOWS\System32\Wbem;C:\WINDOWS\System32\WindowsPowerShell\v1.0;C:\WINDOWS\System32\OpenSSH;D:\Programas Instalados\Git\cmd;C:\xampp\php;C:\ProgramData\ComposerSetup\bin;C:\xampp\htdocs\symfony;C:\Users\Zodiac\AppData\Local\Microsoft\WindowsApps;C:\Users\Zodiac\AppData\Local\atom\bin;C:\Users\Zodiac\AppData\Local\Microsoft\WindowsApps;flutter\bin;C:\Users\Zodiac\AppData\Roaming\Composer\vendor\bin;C:\apache-maven-3.6.0;D:\Programas Instalados\Git\usr\bin\vendor_perl;D:\Programas Instalados\Git\usr\bin\core_perl;."/>
    <property name="java.vm.info" value="mixed mode"/>
    <property name="java.vendor" value="Oracle Corporation"/>
    <property name="java.vm.version" value="25.201-b09"/>
    <property name="java.ext.dirs" value="C:\Program Files\Java\jdk1.8.0_201\jre\lib\ext;C:\WINDOWS\Sun\Java\lib\ext"/>
    <property name="sun.io.unicode.encoding" value="UnicodeLittle"/>
    <property name="java.class.version" value="52.0"/>
  </properties>
  <testcase name="testProcessNewVisitFormHasErrors" classname="org.springframework.samples.petclinic.web.VisitControllerTests" time="0.015"/>
  <testcase name="testProcessNewVisitFormSuccess" classname="org.springframework.samples.petclinic.web.VisitControllerTests" time="0.016"/>
  <testcase name="testShowVisits" classname="org.springframework.samples.petclinic.web.VisitControllerTests" time="0.016"/>
  <testcase name="testInitNewVisitForm" classname="org.springframework.samples.petclinic.web.VisitControllerTests" time="0"/>
</testsuite>